<?xml version="1.0" encoding="UTF-8"?>
<!-- Generated by org.testng.reporters.JUnitReportReporter -->
<testsuite hostname="DESKTOP-LLRELV1" failures="0" tests="4" name="api.test.UserTests" time="7.751" errors="0" timestamp="2025-05-23T12:56:42 IST" skipped="0">
  <testcase classname="api.test.UserTests" name="testPostUser" time="2.957"/>
  <system-out/>
  <testcase classname="api.test.UserTests" name="testGetUserByName" time="1.193"/>
  <system-out/>
  <testcase classname="api.test.UserTests" name="testUpdateUserByName" time="2.461"/>
  <system-out/>
  <testcase classname="api.test.UserTests" name="testDeleteUserByName" time="1.140"/>
  <system-out/>
</testsuite> <!-- api.test.UserTests -->
