<?xml version="1.0" encoding="UTF-8"?>
<!-- Generated by org.testng.reporters.JUnitReportReporter -->
<testsuite hostname="DESKTOP-LLRELV1" failures="0" tests="4" name="api.test.UserTests2" time="10.284" errors="0" timestamp="2025-04-05T22:35:36 IST" skipped="0">
  <testcase classname="api.test.UserTests2" name="testPostUser" time="4.110"/>
  <system-out/>
  <testcase classname="api.test.UserTests2" name="testGetUserByName" time="1.576"/>
  <system-out/>
  <testcase classname="api.test.UserTests2" name="testUpdateUserByName" time="3.065"/>
  <system-out/>
  <testcase classname="api.test.UserTests2" name="testDeleteUserByName" time="1.533"/>
  <system-out/>
</testsuite> <!-- api.test.UserTests2 -->
